<?xml version="1.0" encoding="UTF-8"?>
<!-- Generated by org.testng.reporters.JUnitReportReporter -->
<testsuite skipped="0" hostname="Bigadmins-MacBook-Pro-3.local" name="com.puma.in.CredsTest" tests="1" failures="0" timestamp="23 Jan 2019 11:13:55 GMT" time="1.753" errors="0">
  <testcase name="CredsAuthTest" time="1.753" classname="com.puma.in.CredsTest"/>
</testsuite> <!-- com.puma.in.CredsTest -->
