<?xml version="1.0" encoding="UTF-8"?>
<!-- Generated by org.testng.reporters.JUnitReportReporter -->
<testsuite hostname="Apples-MacBook-Air.local" failures="0" tests="1" name="com.bshow.id.RegTest" time="1.478" errors="0" timestamp="23 Nov 2018 08:31:10 GMT" skipped="0">
  <testcase classname="com.bshow.id.RegTest" name="f" time="1.478"/>
</testsuite> <!-- com.bshow.id.RegTest -->
