<?xml version="1.0" encoding="UTF-8"?>
<!-- Generated by org.testng.reporters.JUnitReportReporter -->
<testsuite ignored="0" hostname="Apples-MacBook-Air.local" failures="0" tests="1" name="com.bshow.id.CreateOrder" time="8.001" errors="0" timestamp="22 Jan 2019 14:36:54 GMT" skipped="0">
  <testcase classname="com.bshow.id.CreateOrder" name="blackBuck" time="8.001"/>
</testsuite> <!-- com.bshow.id.CreateOrder -->
