<?xml version="1.0" encoding="UTF-8"?>
<!-- Generated by org.testng.reporters.JUnitReportReporter -->
<testsuite hostname="Apples-MacBook-Air.local" failures="0" tests="1" name="com.bshow.id.Didi" time="9.404" errors="0" timestamp="09 Jan 2019 19:31:27 GMT" skipped="0">
  <testcase classname="com.bshow.id.Didi" name="didiData" time="9.404"/>
</testsuite> <!-- com.bshow.id.Didi -->
