<?xml version="1.0" encoding="UTF-8"?>
<!-- Generated by org.testng.reporters.JUnitReportReporter -->
<testsuite skipped="0" hostname="Bigadmins-MacBook-Pro-3.local" name="com.puma.in.PlaceOrder" tests="1" failures="0" timestamp="23 Jan 2019 06:57:13 GMT" time="28.067" errors="0">
  <testcase name="pumaBooking" time="28.067" classname="com.puma.in.PlaceOrder"/>
</testsuite> <!-- com.puma.in.PlaceOrder -->
