<?xml version="1.0" encoding="UTF-8"?>
<!-- Generated by org.testng.reporters.JUnitReportReporter -->
<testsuite skipped="0" hostname="Bigadmins-MacBook-Pro-3.local" name="com.puma.in.PlaceOrderTest" tests="1" failures="0" timestamp="23 Jan 2019 11:17:55 GMT" time="21.954" errors="0">
  <testcase name="pumaBooking" time="21.954" classname="com.puma.in.PlaceOrderTest"/>
</testsuite> <!-- com.puma.in.PlaceOrderTest -->
