<?xml version="1.0" encoding="UTF-8"?>
<!-- Generated by org.testng.reporters.JUnitReportReporter -->
<testsuite ignored="0" hostname="Apples-MacBook-Air.local" failures="0" tests="1" name="com.bshow.id.NewTest" time="0.430" errors="0" timestamp="17 Jan 2019 18:49:23 GMT" skipped="0">
  <testcase classname="com.bshow.id.NewTest" name="f" time="0.430"/>
</testsuite> <!-- com.bshow.id.NewTest -->
